Main: COMMAND: /Users/fanhong/GitHub/crowderoxdna_mass/build/bin/oxDNA input print_energy_every=1e5 print_conf_every=1e6 no_stdout_energy=1 refresh_vel=0 restart_step_counter=0 
Main: STARTING new shooting for 10
Main: Starting processes...
Timer started at Thu Aug  8 16:01:48 2019
Main: waiting for processes to finish
Worker 2: equilibration started 
Worker 1: equilibration started 
Worker 0: equilibration started 
Worker 3: equilibration started 
Timer: at Thu Aug  8 16:01:58 2019: no successes yet (at 0)
Timer: at Thu Aug  8 16:02:08 2019: no successes yet (at 0)
Timer: at Thu Aug  8 16:02:18 2019: no successes yet (at 0)
Timer: at Thu Aug  8 16:02:28 2019: no successes yet (at 0)
Timer: at Thu Aug  8 16:02:38 2019: no successes yet (at 0)
Timer: at Thu Aug  8 16:02:48 2019: no successes yet (at 0)
Timer: at Thu Aug  8 16:02:58 2019: no successes yet (at 0)
Timer: at Thu Aug  8 16:03:08 2019: no successes yet (at 0)
Timer: at Thu Aug  8 16:03:18 2019: no successes yet (at 0)
Timer: at Thu Aug  8 16:03:28 2019: no successes yet (at 0)
Timer: at Thu Aug  8 16:03:38 2019: no successes yet (at 0)
Timer: at Thu Aug  8 16:03:48 2019: no successes yet (at 0)
Worker 0: equilibrated 
Worker 3: equilibrated 
Worker 1: equilibrated 
Worker 2: equilibrated 
Timer: at Thu Aug  8 16:03:58 2019: no successes yet (at 0)
Timer: at Thu Aug  8 16:04:08 2019: no successes yet (at 0)
Timer: at Thu Aug  8 16:04:18 2019: no successes yet (at 0)
Timer: at Thu Aug  8 16:04:28 2019: no successes yet (at 0)
Timer: at Thu Aug  8 16:04:38 2019: no successes yet (at 0)
Timer: at Thu Aug  8 16:04:48 2019: no successes yet (at 0)
Timer: at Thu Aug  8 16:04:58 2019: no successes yet (at 0)
Timer: at Thu Aug  8 16:05:08 2019: no successes yet (at 0)
Timer: at Thu Aug  8 16:05:18 2019: no successes yet (at 0)
Timer: at Thu Aug  8 16:05:28 2019: no successes yet (at 0)
Worker %d has reached a complete success: returning with the tail in between my legs
Worker 2: equilibration started 
Timer: at Thu Aug  8 16:05:38 2019: no successes yet (at 0)
Timer: at Thu Aug  8 16:05:48 2019: no successes yet (at 0)
